<?xml version="1.0" encoding="UTF-8"?>
<!-- Generated by org.testng.reporters.JUnitReportReporter -->
<testsuite hostname="LAPTOP-Q5ML8L6J" failures="0" tests="1" name="project1.Testcase1Test" time="31.766" errors="0" timestamp="2023-12-20T14:39:03 IST" skipped="0">
  <testcase classname="project1.Testcase1Test" name="testcase1" time="31.766"/>
  <system-out/>
</testsuite> <!-- project1.Testcase1Test -->
