<?xml version="1.0" encoding="UTF-8"?>
<!-- Generated by org.testng.reporters.JUnitReportReporter -->
<testsuite hostname="LAPTOP-Q5ML8L6J" failures="0" tests="1" name="Test_script.RegisterTest" time="5.327" errors="0" timestamp="2023-12-27T15:04:53 IST" skipped="0">
  <testcase classname="Test_script.RegisterTest" name="testcase1" time="5.327"/>
  <system-out/>
</testsuite> <!-- Test_script.RegisterTest -->
