<?xml version="1.0" encoding="UTF-8"?>
<!-- Generated by org.testng.reporters.JUnitReportReporter -->
<testsuite hostname="LAPTOP-Q5ML8L6J" failures="0" tests="1" name="project1.Testcase2Test" time="44.914" errors="0" timestamp="2023-12-20T14:39:54 IST" skipped="0">
  <testcase classname="project1.Testcase2Test" name="testcase1" time="44.914"/>
  <system-out/>
</testsuite> <!-- project1.Testcase2Test -->
