<?xml version="1.0" encoding="UTF-8"?>
<!-- Generated by org.testng.reporters.JUnitReportReporter -->
<testsuite hostname="LAPTOP-Q5ML8L6J" failures="0" tests="1" name="EXTENTREPORT.program" time="10.311" errors="0" timestamp="2023-12-23T14:34:03 IST" skipped="0">
  <testcase classname="EXTENTREPORT.program" name="report" time="10.311"/>
  <system-out/>
</testsuite> <!-- EXTENTREPORT.program -->
