<?xml version="1.0" encoding="UTF-8"?>
<!-- Generated by org.testng.reporters.JUnitReportReporter -->
<testsuite hostname="LAPTOP-Q5ML8L6J" failures="0" tests="1" name="Test_script.LoginTest" time="6.864" errors="0" timestamp="2023-12-27T13:11:03 IST" skipped="0">
  <testcase classname="Test_script.LoginTest" name="testcase2" time="6.864"/>
  <system-out/>
</testsuite> <!-- Test_script.LoginTest -->
