<?xml version="1.0" encoding="UTF-8"?>
<!-- Generated by org.testng.reporters.JUnitReportReporter -->
<testsuite hostname="LAPTOP-Q5ML8L6J" failures="0" tests="1" name="project1.Testcase1Test" time="10.985" errors="0" timestamp="2023-12-21T14:48:09 IST" skipped="0">
  <testcase classname="project1.Testcase1Test" name="testcase1" time="10.985"/>
  <system-out/>
</testsuite> <!-- project1.Testcase1Test -->
