<?xml version="1.0" encoding="UTF-8"?>
<!-- Generated by org.testng.reporters.JUnitReportReporter -->
<testsuite hostname="LAPTOP-Q5ML8L6J" failures="0" tests="1" name="project1.SampleTest" time="0.000" errors="0" timestamp="2023-12-21T14:07:58 IST" skipped="0">
  <testcase classname="project1.SampleTest" name="testcase" time="0.000"/>
  <system-out>
my first maven  </system-out>
</testsuite> <!-- project1.SampleTest -->
